<?xml version="1.0" encoding="UTF-8"?>
<testng-results ignored="1" total="2" passed="1" failed="0" skipped="0">
  <reporter-output>
  </reporter-output>
  <suite started-at="2024-03-10T10:15:53 IST" name="Suite" finished-at="2024-03-10T10:16:09 IST" duration-ms="15971">
    <groups>
    </groups>
    <test started-at="2024-03-10T10:15:53 IST" name="Test" finished-at="2024-03-10T10:16:09 IST" duration-ms="15971">
      <class name="Guru99_Logi_Page.Login_Page">
        <test-method is-config="true" signature="setup()[pri:0, instance:Guru99_Logi_Page.Login_Page@2a3b5b47]" started-at="2024-03-10T10:15:53 IST" name="setup" finished-at="2024-03-10T10:16:05 IST" duration-ms="12427" status="PASS">
          <reporter-output>
          </reporter-output>
        </test-method> <!-- setup -->
        <test-method signature="loginTest()[pri:0, instance:Guru99_Logi_Page.Login_Page@2a3b5b47]" started-at="2024-03-10T10:16:05 IST" name="loginTest" finished-at="2024-03-10T10:16:07 IST" duration-ms="2361" status="PASS">
          <reporter-output>
          </reporter-output>
        </test-method> <!-- loginTest -->
        <test-method is-config="true" signature="methodEnd(org.testng.ITestResult)[pri:0, instance:Guru99_Logi_Page.Login_Page@2a3b5b47]" started-at="2024-03-10T10:16:07 IST" name="methodEnd" finished-at="2024-03-10T10:16:07 IST" duration-ms="18" status="PASS">
          <params>
            <param index="0">
              <value>
                <![CDATA[[TestResult name=loginTest status=SUCCESS method=Login_Page.loginTest()[pri:0, instance:Guru99_Logi_Page.Login_Page@2a3b5b47] output={null}]]]>
              </value>
            </param>
          </params>
          <reporter-output>
          </reporter-output>
        </test-method> <!-- methodEnd -->
        <test-method is-config="true" signature="teardown()[pri:0, instance:Guru99_Logi_Page.Login_Page@2a3b5b47]" started-at="2024-03-10T10:16:07 IST" name="teardown" finished-at="2024-03-10T10:16:09 IST" duration-ms="1102" status="PASS">
          <reporter-output>
          </reporter-output>
        </test-method> <!-- teardown -->
      </class> <!-- Guru99_Logi_Page.Login_Page -->
    </test> <!-- Test -->
  </suite> <!-- Suite -->
</testng-results>
